<?xml version="1.0" encoding="UTF-8"?>
<testng-results skipped="0" failed="0" ignored="0" total="1" passed="1">
  <reporter-output>
  </reporter-output>
  <suite name="Default suite" duration-ms="78674" started-at="2021-04-02T16:14:48 IST" finished-at="2021-04-02T16:16:06 IST">
    <groups>
    </groups>
    <test name="Default test" duration-ms="78674" started-at="2021-04-02T16:14:48 IST" finished-at="2021-04-02T16:16:06 IST">
      <class name="TestScrepts.Tc_001">
        <test-method status="PASS" signature="openBrowser()[pri:0, instance:TestScrepts.Tc_001@17579e0f]" name="openBrowser" is-config="true" duration-ms="8050" started-at="2021-04-02T16:14:48 IST" finished-at="2021-04-02T16:14:56 IST">
          <reporter-output>
          </reporter-output>
        </test-method> <!-- openBrowser -->
        <test-method status="PASS" signature="test()[pri:0, instance:TestScrepts.Tc_001@17579e0f]" name="test" duration-ms="21" started-at="2021-04-02T16:14:56 IST" finished-at="2021-04-02T16:14:56 IST">
          <reporter-output>
          </reporter-output>
        </test-method> <!-- test -->
        <test-method status="PASS" signature="closebrowser()[pri:0, instance:TestScrepts.Tc_001@17579e0f]" name="closebrowser" is-config="true" duration-ms="70564" started-at="2021-04-02T16:14:56 IST" finished-at="2021-04-02T16:16:06 IST">
          <reporter-output>
          </reporter-output>
        </test-method> <!-- closebrowser -->
      </class> <!-- TestScrepts.Tc_001 -->
    </test> <!-- Default test -->
  </suite> <!-- Default suite -->
</testng-results>
